dict_accuracy = {(0.005, 0.001, 1, 3): 0.9649122807017544, (0.005, 0.001, 1, 4): 0.9473684210526315, (0.005, 0.001, 2, 3): 0.7280701754385965, (0.005, 0.001, 2, 4): 0.6052631578947368, (0.005, 0.001, 3, 3): 0.6052631578947368, (0.005, 0.001, 3, 4): 0.6052631578947368, (0.005, 0.1, 1, 3): 0.6052631578947368, (0.005, 0.1, 1, 4): 0.6052631578947368, (0.005, 0.1, 2, 3): 0.6052631578947368, (0.005, 0.1, 2, 4): 0.6052631578947368, (0.005, 0.1, 3, 3): 0.6052631578947368, (0.005, 0.1, 3, 4): 0.6052631578947368, (0.1, 0.001, 1, 3): 0.9649122807017544, (0.1, 0.001, 1, 4): 0.9736842105263158, (0.1, 0.001, 2, 3): 0.9736842105263158, (0.1, 0.001, 2, 4): 0.9736842105263158, (0.1, 0.001, 3, 3): 0.6052631578947368, (0.1, 0.001, 3, 4): 0.9649122807017544, (0.1, 0.1, 1, 3): 0.6052631578947368, (0.1, 0.1, 1, 4): 0.6052631578947368, (0.1, 0.1, 2, 3): 0.6052631578947368, (0.1, 0.1, 2, 4): 0.6052631578947368, (0.1, 0.1, 3, 3): 0.6052631578947368, (0.1, 0.1, 3, 4): 0.6052631578947368}
dict_tn = {(0.005, 0.001): 0.0, (0.005, 0.1): 0.0, (0.1, 0.001): 0.39473684210526316, (0.1, 0.1): 0.0}
dict_fp = {(0.005, 0.001): 0.39473684210526316, (0.005, 0.1): 0.39473684210526316, (0.1, 0.001): 0.0, (0.1, 0.1): 0.39473684210526316}
dict_fn = {(0.005, 0.001): 0.0, (0.005, 0.1): 0.0, (0.1, 0.001): 0.03508771929824561, (0.1, 0.1): 0.0}
dict_tp = {(0.005, 0.001): 0.6052631578947368, (0.005, 0.1): 0.6052631578947368, (0.1, 0.001): 0.5701754385964912, (0.1, 0.1): 0.6052631578947368}
dict_ppv = {(0.005, 0.001, 1, 3): 0.9577464788732394, (0.005, 0.001, 1, 4): 0.9436619718309859, (0.005, 0.001, 2, 3): 0.69, (0.005, 0.001, 2, 4): 0.6052631578947368, (0.005, 0.001, 3, 3): 0.6052631578947368, (0.005, 0.001, 3, 4): 0.6052631578947368, (0.005, 0.1, 1, 3): 0.6052631578947368, (0.005, 0.1, 1, 4): 0.6052631578947368, (0.005, 0.1, 2, 3): 0.6052631578947368, (0.005, 0.1, 2, 4): 0.6052631578947368, (0.005, 0.1, 3, 3): 0.6052631578947368, (0.005, 0.1, 3, 4): 0.6052631578947368, (0.1, 0.001, 1, 3): 1.0, (0.1, 0.001, 1, 4): 1.0, (0.1, 0.001, 2, 3): 1.0, (0.1, 0.001, 2, 4): 1.0, (0.1, 0.001, 3, 3): 0.6052631578947368, (0.1, 0.001, 3, 4): 1.0, (0.1, 0.1, 1, 3): 0.6052631578947368, (0.1, 0.1, 1, 4): 0.6052631578947368, (0.1, 0.1, 2, 3): 0.6052631578947368, (0.1, 0.1, 2, 4): 0.6052631578947368, (0.1, 0.1, 3, 3): 0.6052631578947368, (0.1, 0.1, 3, 4): 0.6052631578947368}
dict_npv = {(0.005, 0.001, 1, 3): 0.9767441860465116, (0.005, 0.001, 1, 4): 0.9534883720930233, (0.005, 0.001, 2, 3): 1.0, (0.005, 0.001, 2, 4): 0, (0.005, 0.001, 3, 3): 0, (0.005, 0.001, 3, 4): 0, (0.005, 0.1, 1, 3): 0, (0.005, 0.1, 1, 4): 0, (0.005, 0.1, 2, 3): 0, (0.005, 0.1, 2, 4): 0, (0.005, 0.1, 3, 3): 0, (0.005, 0.1, 3, 4): 0, (0.1, 0.001, 1, 3): 0.9183673469387755, (0.1, 0.001, 1, 4): 0.9375, (0.1, 0.001, 2, 3): 0.9375, (0.1, 0.001, 2, 4): 0.9375, (0.1, 0.001, 3, 3): 0, (0.1, 0.001, 3, 4): 0.9183673469387755, (0.1, 0.1, 1, 3): 0, (0.1, 0.1, 1, 4): 0, (0.1, 0.1, 2, 3): 0, (0.1, 0.1, 2, 4): 0, (0.1, 0.1, 3, 3): 0, (0.1, 0.1, 3, 4): 0}
dict_sensitivity = {(0.005, 0.001, 1, 3): 0.9855072463768116, (0.005, 0.001, 1, 4): 0.9710144927536232, (0.005, 0.001, 2, 3): 1.0, (0.005, 0.001, 2, 4): 1.0, (0.005, 0.001, 3, 3): 1.0, (0.005, 0.001, 3, 4): 1.0, (0.005, 0.1, 1, 3): 1.0, (0.005, 0.1, 1, 4): 1.0, (0.005, 0.1, 2, 3): 1.0, (0.005, 0.1, 2, 4): 1.0, (0.005, 0.1, 3, 3): 1.0, (0.005, 0.1, 3, 4): 1.0, (0.1, 0.001, 1, 3): 0.9420289855072463, (0.1, 0.001, 1, 4): 0.9565217391304348, (0.1, 0.001, 2, 3): 0.9565217391304348, (0.1, 0.001, 2, 4): 0.9565217391304348, (0.1, 0.001, 3, 3): 1.0, (0.1, 0.001, 3, 4): 0.9420289855072463, (0.1, 0.1, 1, 3): 1.0, (0.1, 0.1, 1, 4): 1.0, (0.1, 0.1, 2, 3): 1.0, (0.1, 0.1, 2, 4): 1.0, (0.1, 0.1, 3, 3): 1.0, (0.1, 0.1, 3, 4): 1.0}
dict_specificity = {(0.005, 0.001, 1, 3): 0.9333333333333333, (0.005, 0.001, 1, 4): 0.9111111111111111, (0.005, 0.001, 2, 3): 0.3111111111111111, (0.005, 0.001, 2, 4): 0.0, (0.005, 0.001, 3, 3): 0.0, (0.005, 0.001, 3, 4): 0.0, (0.005, 0.1, 1, 3): 0.0, (0.005, 0.1, 1, 4): 0.0, (0.005, 0.1, 2, 3): 0.0, (0.005, 0.1, 2, 4): 0.0, (0.005, 0.1, 3, 3): 0.0, (0.005, 0.1, 3, 4): 0.0, (0.1, 0.001, 1, 3): 1.0, (0.1, 0.001, 1, 4): 1.0, (0.1, 0.001, 2, 3): 1.0, (0.1, 0.001, 2, 4): 1.0, (0.1, 0.001, 3, 3): 0.0, (0.1, 0.001, 3, 4): 1.0, (0.1, 0.1, 1, 3): 0.0, (0.1, 0.1, 1, 4): 0.0, (0.1, 0.1, 2, 3): 0.0, (0.1, 0.1, 2, 4): 0.0, (0.1, 0.1, 3, 3): 0.0, (0.1, 0.1, 3, 4): 0.0}
dict_F1_score = {(0.005, 0.001, 1, 3): 0.9714285714285714, (0.005, 0.001, 1, 4): 0.9571428571428572, (0.005, 0.001, 2, 3): 0.8165680473372781, (0.005, 0.001, 2, 4): 0.7540983606557377, (0.005, 0.001, 3, 3): 0.7540983606557377, (0.005, 0.001, 3, 4): 0.7540983606557377, (0.005, 0.1, 1, 3): 0.7540983606557377, (0.005, 0.1, 1, 4): 0.7540983606557377, (0.005, 0.1, 2, 3): 0.7540983606557377, (0.005, 0.1, 2, 4): 0.7540983606557377, (0.005, 0.1, 3, 3): 0.7540983606557377, (0.005, 0.1, 3, 4): 0.7540983606557377, (0.1, 0.001, 1, 3): 0.9701492537313433, (0.1, 0.001, 1, 4): 0.9777777777777777, (0.1, 0.001, 2, 3): 0.9777777777777777, (0.1, 0.001, 2, 4): 0.9777777777777777, (0.1, 0.001, 3, 3): 0.7540983606557377, (0.1, 0.001, 3, 4): 0.9701492537313433, (0.1, 0.1, 1, 3): 0.7540983606557377, (0.1, 0.1, 1, 4): 0.7540983606557377, (0.1, 0.1, 2, 3): 0.7540983606557377, (0.1, 0.1, 2, 4): 0.7540983606557377, (0.1, 0.1, 3, 3): 0.7540983606557377, (0.1, 0.1, 3, 4): 0.7540983606557377}
--------------------------------------------
--------------------------------------------
ACCURACY
Maximal accuracy = 0.9736842105263158
Got maximal accuracy for
 --> Learning rate = 0.1
 --> Lambda = 0.001
 --> Number of hidden layers = 1
 --> Number of nodes in each layer = 4

For this learning rate, lambda, number of hidden layers and number of nodes in each layer we got: 
--> PPV = 1.0
--> NPV = 0.9375
--> Sensitivity = 0.9565217391304348
--> Specificity = 1.0
--> F1 score = 0.9777777777777777
--------------------------------------------
--------------------------------------------
POSITIVE PREDICTIVE VALUE (PRECISSION)
Maximal PPV = 1.0
Got maximal PPV for:
--> learning rate = 0.1
-->lambda = 0.001
--> number of hidden layers = 1
--> number of nodes in each layer = 3

For this learning rate, lambda, number of hidden layers and number of nodes in each layer we got: 
--> Accuracy = 0.9649122807017544
--> NPV = 0.9183673469387755
--> Sensitivity = 0.9420289855072463
--> Specificity = 1.0
--> F1 score = 0.9701492537313433
--------------------------------------------
--------------------------------------------
NEGATIVE PREDICTIVE VALUE 
Maximal NPV = 1.0
Got maximal NPV for:
--> learning rate = 0.005
--> lambda = 0.001
--> number of hidden layers = 2
--> number of nodes in each layer = 3

For this learning rate, lambda, number of hidden layers and number of nodes in each layer we got: 
--> Accuracy = 0.7280701754385965
--> PPV = 0.69
--> Sensitivity = 1.0
--> Specificity = 0.3111111111111111
--> F1 score = 0.8165680473372781
--------------------------------------------
--------------------------------------------
SENSITIVITY (Recall)
Maximal Sensitivity = 1.0
Got for:
--> learning rate = 0.005
--> lambda = 0.001
--> number of hidden layers = 2
--> number of nodes in each layer = 3

For this learning rate, lambda, number of hidden layers and number of nodes in each layer we got: 
--> Accuracy = 0.7280701754385965
--> PPV = 0.69
--> NPV = 1.0
--> Specificity = 0.3111111111111111
--> F1 score = 0.8165680473372781
--------------------------------------------
--------------------------------------------
SPECIFICITY
Maximal Sensitivity = 1.0
Got for:
--> learning rate = 0.1
--> lambda = 0.001
--> number of hidden layers = 1
--> number of nodes in each layer = 3

For this learning rate, lambda, number of hidden layers and number of nodes in each layer we got: 
Accuracy = 0.9649122807017544
PPV = 1.0
NPV = 0.9183673469387755
Sensitivity = 0.9420289855072463
F1 score = 0.9701492537313433
--------------------------------------------
--------------------------------------------
--------------------------------------------
F1 SCORE
Maximal F1 score = 0.9777777777777777
Got for:
--> learning rate = 0.1
--> lambda = 0.001
--> number of hidden layers = 1
--> number of nodes in each layer = 4

For this learning rate, lambda, number of hidden layers and number of nodes in each layer we got: 
--> PPV = 1.0
--> NPV = 0.9375
--> Sensitivity = 0.9565217391304348
--> Specificity = 1.0
--> Accuracy = 0.9736842105263158
--------------------------------------------
[[45  4]
 [ 0 65]]
                Predicted Benign  Predicted Malignant
True Benign                   45                    4
True Malignant                 0                   65
--------------------------------------------
--------------------------------------------
