
--------------------------------------------------

Finding optimal parameters for regression with sklearn model
Best for mse: 0.012887394753141967. Parameters: learning rate: 0.1, lambda: 0, hidden layers: 1, hidden layer size: 40
Performance for other metrics: r2: 0.5863145266693017, 

Entire best matrix indices: [[5 0 0 1]]
Best for r2: 0.5863145266693017. Parameters: learning rate: 0.1, lambda: 0, hidden layers: 1, hidden layer size: 40
Performance for other metrics: mse: 0.012887394753141967, 

Entire best matrix indices: [[5 0 0 1]]

--------------------------------------------------

Finding optimal parameters for classification with sklearn model
Best for accuracy: 1.0. Parameters: learning rate: 0.005, lambda: 0, hidden layers: 1, hidden layer size: 40
Performance for other metrics: f1: 1.0, ppv: 1.0, npv: 1.0, 

Entire best matrix indices: [[0 0 0 1]
 [2 0 1 1]
 [2 0 2 0]
 [5 0 1 1]]
Best for f1: 1.0. Parameters: learning rate: 0.005, lambda: 0, hidden layers: 1, hidden layer size: 40
Performance for other metrics: accuracy: 1.0, ppv: 1.0, npv: 1.0, 

Entire best matrix indices: [[0 0 0 1]
 [2 0 1 1]
 [2 0 2 0]
 [5 0 1 1]]
Best for ppv: 1.0. Parameters: learning rate: 0.005, lambda: 0, hidden layers: 1, hidden layer size: 30
Performance for other metrics: accuracy: 0.9912280701754386, f1: 0.9934640522875817, npv: 0.9736842105263158, 

Entire best matrix indices: [[0 0 0 0]
 [0 0 0 1]
 [0 0 1 0]
 [0 0 1 1]
 [0 0 2 0]
 [0 0 2 1]
 [0 1 0 0]
 [0 1 0 1]
 [0 1 1 0]
 [0 1 1 1]
 [0 1 2 0]
 [0 2 0 0]
 [0 2 0 1]
 [0 2 1 0]
 [0 2 1 1]
 [0 2 2 1]
 [0 3 0 0]
 [0 3 0 1]
 [0 3 1 0]
 [0 3 1 1]
 [0 3 2 0]
 [0 3 2 1]
 [0 4 0 1]
 [0 4 1 0]
 [0 4 1 1]
 [0 4 2 0]
 [0 4 2 1]
 [0 5 0 0]
 [0 5 0 1]
 [0 5 1 0]
 [0 5 1 1]
 [0 5 2 0]
 [0 5 2 1]
 [0 6 0 0]
 [0 6 0 1]
 [0 6 1 0]
 [0 6 1 1]
 [0 6 2 0]
 [0 6 2 1]
 [1 0 0 0]
 [1 0 0 1]
 [1 0 1 0]
 [1 0 1 1]
 [1 0 2 0]
 [1 0 2 1]
 [1 1 0 0]
 [1 1 1 0]
 [1 1 1 1]
 [1 1 2 0]
 [1 1 2 1]
 [1 2 0 0]
 [1 2 0 1]
 [1 2 1 0]
 [1 2 1 1]
 [1 2 2 0]
 [1 2 2 1]
 [1 3 0 1]
 [1 3 1 0]
 [1 3 1 1]
 [1 3 2 0]
 [1 3 2 1]
 [1 4 0 0]
 [1 4 0 1]
 [1 4 1 0]
 [1 4 1 1]
 [1 4 2 0]
 [1 4 2 1]
 [1 5 0 0]
 [1 5 0 1]
 [1 5 1 1]
 [1 5 2 0]
 [1 5 2 1]
 [1 6 0 0]
 [1 6 0 1]
 [1 6 1 0]
 [1 6 1 1]
 [1 6 2 0]
 [1 6 2 1]
 [2 0 0 0]
 [2 0 0 1]
 [2 0 1 0]
 [2 0 1 1]
 [2 0 2 0]
 [2 0 2 1]
 [2 1 0 1]
 [2 1 1 1]
 [2 1 2 0]
 [2 1 2 1]
 [2 2 0 0]
 [2 2 1 1]
 [2 2 2 0]
 [2 2 2 1]
 [2 3 0 0]
 [2 3 0 1]
 [2 3 1 0]
 [2 3 1 1]
 [2 3 2 0]
 [2 3 2 1]
 [2 4 0 1]
 [2 4 1 0]
 [2 4 1 1]
 [2 4 2 0]
 [2 4 2 1]
 [2 5 0 0]
 [2 5 0 1]
 [2 5 1 0]
 [2 5 1 1]
 [2 5 2 0]
 [2 5 2 1]
 [2 6 0 0]
 [2 6 0 1]
 [2 6 1 0]
 [2 6 1 1]
 [2 6 2 0]
 [2 6 2 1]
 [3 0 0 0]
 [3 0 0 1]
 [3 0 1 0]
 [3 0 2 0]
 [3 0 2 1]
 [3 1 0 0]
 [3 1 0 1]
 [3 1 1 0]
 [3 1 1 1]
 [3 1 2 0]
 [3 1 2 1]
 [3 2 0 0]
 [3 2 0 1]
 [3 2 1 0]
 [3 2 1 1]
 [3 2 2 1]
 [3 3 0 0]
 [3 3 0 1]
 [3 3 1 0]
 [3 3 1 1]
 [3 3 2 0]
 [3 3 2 1]
 [3 4 0 1]
 [3 4 1 0]
 [3 4 1 1]
 [3 4 2 0]
 [3 4 2 1]
 [3 5 0 0]
 [3 5 0 1]
 [3 5 1 0]
 [3 5 1 1]
 [3 5 2 0]
 [3 5 2 1]
 [3 6 0 0]
 [3 6 0 1]
 [3 6 1 0]
 [3 6 1 1]
 [3 6 2 1]
 [4 0 0 0]
 [4 0 0 1]
 [4 0 1 0]
 [4 0 1 1]
 [4 0 2 0]
 [4 0 2 1]
 [4 1 0 0]
 [4 1 0 1]
 [4 1 1 1]
 [4 1 2 1]
 [4 2 0 0]
 [4 2 1 0]
 [4 2 2 0]
 [4 2 2 1]
 [4 3 0 0]
 [4 3 0 1]
 [4 3 1 0]
 [4 3 1 1]
 [4 3 2 0]
 [4 3 2 1]
 [4 4 0 0]
 [4 4 0 1]
 [4 4 1 0]
 [4 4 1 1]
 [4 4 2 1]
 [4 5 0 0]
 [4 5 0 1]
 [4 5 1 1]
 [4 5 2 0]
 [4 5 2 1]
 [4 6 0 0]
 [4 6 0 1]
 [4 6 1 0]
 [4 6 1 1]
 [4 6 2 0]
 [4 6 2 1]
 [5 0 0 0]
 [5 0 0 1]
 [5 0 1 0]
 [5 0 1 1]
 [5 0 2 0]
 [5 0 2 1]
 [5 1 0 0]
 [5 1 0 1]
 [5 1 1 0]
 [5 1 1 1]
 [5 1 2 0]
 [5 1 2 1]
 [5 2 1 0]
 [5 2 1 1]
 [5 2 2 0]
 [5 2 2 1]
 [5 3 0 1]
 [5 3 1 0]
 [5 3 2 0]
 [5 4 0 0]
 [5 4 0 1]
 [5 4 1 1]
 [5 4 2 0]
 [5 4 2 1]
 [5 5 0 0]
 [5 5 1 0]
 [5 5 2 0]
 [5 6 0 0]
 [5 6 0 1]
 [5 6 1 0]
 [5 6 1 1]
 [5 6 2 0]
 [5 6 2 1]]
Best for npv: 1.0. Parameters: learning rate: 0.005, lambda: 0, hidden layers: 1, hidden layer size: 40
Performance for other metrics: accuracy: 1.0, f1: 1.0, ppv: 1.0, 

Entire best matrix indices: [[0 0 0 1]
 [0 1 2 1]
 [0 2 2 0]
 [0 4 0 0]
 [1 3 0 0]
 [1 5 1 0]
 [2 0 1 1]
 [2 0 2 0]
 [2 1 0 0]
 [2 1 1 0]
 [2 2 0 1]
 [2 2 1 0]
 [2 4 0 0]
 [3 0 1 1]
 [3 2 2 0]
 [3 4 0 0]
 [3 6 2 0]
 [4 1 1 0]
 [4 1 2 0]
 [4 2 1 1]
 [4 4 2 0]
 [4 5 1 0]
 [5 0 1 1]
 [5 2 0 0]
 [5 2 0 1]
 [5 3 0 0]
 [5 3 1 1]
 [5 3 2 1]
 [5 4 1 0]
 [5 5 0 1]
 [5 5 1 1]
 [5 5 2 1]]

--------------------------------------------------

Finding optimal parameters for regression with own model
Best for mse: 0.01937304706739662. Parameters: learning rate: 0.005, lambda: 0, hidden layers: 2, hidden layer size: 30
Performance for other metrics: r2: 0.37812503617304316, 

Entire best matrix indices: [[0 0 1 0]]
Best for r2: 0.37812503617304316. Parameters: learning rate: 0.005, lambda: 0, hidden layers: 2, hidden layer size: 30
Performance for other metrics: mse: 0.01937304706739662, 

Entire best matrix indices: [[0 0 1 0]]
0.020814784146285212
0.3318452645572141
SigmoidLayer
MSE:  0.01874850194415618
R2:  0.3103348926411049
LinearLayer
MSE:  nan
R2:  nan
LeakyReluLayer
MSE:  nan
R2:  nan
ReluLayer
MSE:  nan
R2:  nan

--------------------------------------------------

Finding optimal parameters for classification with own model
Best for accuracy: 0.9912280701754386. Parameters: learning rate: 0.005, lambda: 0, hidden layers: 2, hidden layer size: 40
Performance for other metrics: f1: 0.993006993006993, ppv: 1.0, npv: 0.9767441860465116, 

Entire best matrix indices: [[0 0 1 1]
 [0 0 2 1]]
Best for f1: 0.993006993006993. Parameters: learning rate: 0.005, lambda: 0, hidden layers: 2, hidden layer size: 40
Performance for other metrics: accuracy: 0.9912280701754386, ppv: 1.0, npv: 0.9767441860465116, 

Entire best matrix indices: [[0 0 1 1]
 [0 0 2 1]]
Best for ppv: 1.0. Parameters: learning rate: 0.005, lambda: 0, hidden layers: 2, hidden layer size: 40
Performance for other metrics: accuracy: 0.9912280701754386, f1: 0.993006993006993, npv: 0.9767441860465116, 

Entire best matrix indices: [[0 0 1 1]
 [0 0 2 1]
 [0 1 0 0]
 [0 1 2 1]
 [0 2 0 0]
 [0 2 0 1]
 [0 2 1 0]
 [0 2 1 1]
 [0 2 2 0]
 [0 2 2 1]
 [0 3 0 0]
 [0 3 0 1]
 [0 3 1 0]
 [0 3 1 1]
 [0 3 2 0]
 [0 3 2 1]
 [0 4 0 0]
 [0 4 0 1]
 [0 4 1 0]
 [0 4 1 1]
 [0 4 2 0]
 [0 4 2 1]
 [0 5 0 0]
 [0 5 0 1]
 [0 5 1 0]
 [0 5 1 1]
 [0 5 2 0]
 [0 5 2 1]
 [0 6 0 0]
 [0 6 0 1]
 [0 6 1 0]
 [0 6 1 1]
 [0 6 2 0]
 [0 6 2 1]
 [1 1 0 1]
 [1 1 1 0]
 [1 1 1 1]
 [1 1 2 0]
 [1 1 2 1]
 [1 2 0 0]
 [1 2 0 1]
 [1 2 1 0]
 [1 2 1 1]
 [1 2 2 0]
 [1 2 2 1]
 [1 3 0 0]
 [1 3 0 1]
 [1 3 1 0]
 [1 3 1 1]
 [1 3 2 0]
 [1 3 2 1]
 [1 4 0 0]
 [1 4 0 1]
 [1 4 1 0]
 [1 4 1 1]
 [1 4 2 0]
 [1 4 2 1]
 [1 5 0 0]
 [1 5 0 1]
 [1 5 1 0]
 [1 5 1 1]
 [1 5 2 0]
 [1 5 2 1]
 [1 6 0 0]
 [1 6 0 1]
 [1 6 1 0]
 [1 6 1 1]
 [1 6 2 0]
 [1 6 2 1]
 [2 1 0 0]
 [2 1 0 1]
 [2 1 1 0]
 [2 1 1 1]
 [2 2 0 0]
 [2 2 0 1]
 [2 2 1 0]
 [2 2 1 1]
 [2 2 2 0]
 [2 2 2 1]
 [2 3 0 0]
 [2 3 0 1]
 [2 3 1 0]
 [2 3 1 1]
 [2 3 2 0]
 [2 3 2 1]
 [2 4 0 0]
 [2 4 0 1]
 [2 4 1 0]
 [2 4 1 1]
 [2 4 2 0]
 [2 4 2 1]
 [2 5 0 0]
 [2 5 0 1]
 [2 5 1 0]
 [2 5 1 1]
 [2 5 2 0]
 [2 5 2 1]
 [2 6 0 0]
 [2 6 0 1]
 [2 6 1 0]
 [2 6 1 1]
 [2 6 2 0]
 [2 6 2 1]
 [3 1 0 0]
 [3 1 0 1]
 [3 1 1 0]
 [3 2 0 0]
 [3 2 0 1]
 [3 2 1 0]
 [3 2 1 1]
 [3 2 2 0]
 [3 2 2 1]
 [3 3 0 0]
 [3 3 0 1]
 [3 3 1 0]
 [3 3 1 1]
 [3 3 2 0]
 [3 3 2 1]
 [3 4 0 0]
 [3 4 0 1]
 [3 4 1 0]
 [3 4 1 1]
 [3 4 2 0]
 [3 4 2 1]
 [3 5 0 0]
 [3 5 0 1]
 [3 5 1 0]
 [3 5 1 1]
 [3 5 2 0]
 [3 5 2 1]
 [3 6 0 0]
 [3 6 0 1]
 [3 6 1 0]
 [3 6 1 1]
 [3 6 2 0]
 [3 6 2 1]
 [4 1 0 0]
 [4 2 0 0]
 [4 2 0 1]
 [4 2 1 0]
 [4 2 1 1]
 [4 2 2 0]
 [4 2 2 1]
 [4 3 0 0]
 [4 3 0 1]
 [4 3 1 0]
 [4 3 1 1]
 [4 3 2 0]
 [4 3 2 1]
 [4 4 0 0]
 [4 4 0 1]
 [4 4 1 0]
 [4 4 1 1]
 [4 4 2 0]
 [4 4 2 1]
 [4 5 0 0]
 [4 5 0 1]
 [4 5 1 0]
 [4 5 1 1]
 [4 5 2 0]
 [4 5 2 1]
 [4 6 0 0]
 [4 6 0 1]
 [4 6 1 0]
 [4 6 1 1]
 [4 6 2 0]
 [4 6 2 1]
 [5 1 0 0]
 [5 2 0 0]
 [5 2 0 1]
 [5 2 1 0]
 [5 2 1 1]
 [5 2 2 0]
 [5 2 2 1]
 [5 3 0 0]
 [5 3 0 1]
 [5 3 1 0]
 [5 3 1 1]
 [5 3 2 0]
 [5 3 2 1]
 [5 4 0 0]
 [5 4 0 1]
 [5 4 1 0]
 [5 4 1 1]
 [5 4 2 0]
 [5 4 2 1]
 [5 5 0 0]
 [5 5 0 1]
 [5 5 1 0]
 [5 5 1 1]
 [5 5 2 0]
 [5 5 2 1]
 [5 6 0 0]
 [5 6 0 1]
 [5 6 1 0]
 [5 6 1 1]
 [5 6 2 0]
 [5 6 2 1]]
Best for npv: 0.9767441860465116. Parameters: learning rate: 0.005, lambda: 0, hidden layers: 1, hidden layer size: 30
Performance for other metrics: accuracy: 0.9824561403508771, f1: 0.9859154929577465, ppv: 0.9859154929577465, 

Entire best matrix indices: [[0 0 0 0]
 [0 0 0 1]
 [0 0 1 0]
 [0 0 1 1]
 [0 0 2 0]
 [0 0 2 1]
 [1 0 0 0]
 [1 0 1 0]
 [1 0 1 1]
 [1 0 2 0]
 [1 0 2 1]
 [2 0 1 0]
 [2 0 1 1]
 [3 0 0 0]
 [3 0 1 0]
 [3 0 1 1]
 [3 0 2 0]
 [4 0 1 1]
 [4 1 2 1]
 [5 0 1 0]
 [5 1 1 1]
 [5 1 2 0]
 [5 1 2 1]]
Confusion matrix for own FFNN: [[37  1]
 [ 1 75]]
0.017543859649122806
0.9210526315789473
SigmoidLayer
Accuracy score:  0.9912280701754386
F1 score:  0.9912037589564742
LinearLayer
Accuracy score:  0.956140350877193
F1 score:  0.9554424894264559
LeakyReluLayer
Accuracy score:  0.9736842105263158
F1 score:  0.9734494676926793
ReluLayer
Accuracy score:  0.9736842105263158
F1 score:  0.9734494676926793

--------------------------------------------------

Custom parameters regression different activation functions
SigmoidLayer
MSE:  0.026712181146185416
R2:  0.017390331619726918
LinearLayer
MSE:  0.013533313851500816
R2:  0.5021759936811312
LeakyReluLayer
MSE:  0.01137379908994919
R2:  0.5816139127375303
ReluLayer
MSE:  nan
R2:  nan
